<?xml version="1.0" encoding="UTF-8"?>
<!-- Generated by org.testng.reporters.JUnitReportReporter -->
<testsuite hostname="LAPTOP-6C1J9KP6" failures="0" tests="1" name="testScripts.imageLink_Home" time="11.489" errors="0" timestamp="2022-03-29T00:03:35 EDT" skipped="0">
  <testcase classname="testScripts.imageLink_Home" name="tc2" time="11.489"/>
  <system-out/>
</testsuite> <!-- testScripts.imageLink_Home -->
