<?xml version="1.0" encoding="UTF-8"?>
<!-- Generated by org.testng.reporters.JUnitReportReporter -->
<testsuite hostname="LAPTOP-6C1J9KP6" failures="0" tests="1" name="testScripts.googleSearchHome" time="7.604" errors="0" timestamp="2022-03-29T00:03:03 EDT" skipped="0">
  <testcase classname="testScripts.googleSearchHome" name="tc1" time="7.604"/>
  <system-out/>
</testsuite> <!-- testScripts.googleSearchHome -->
